<?xml version="1.0" encoding="UTF-8"?>
<testng-results skipped="0" failed="0" ignored="0" total="2" passed="2">
  <reporter-output>
  </reporter-output>
  <suite name="Default suite" duration-ms="21052" started-at="2021-02-15T03:58:31Z" finished-at="2021-02-15T03:58:52Z">
    <groups>
    </groups>
    <test name="Default test" duration-ms="21052" started-at="2021-02-15T03:58:31Z" finished-at="2021-02-15T03:58:52Z">
      <class name="testcases.LoginPageTest">
        <test-method status="PASS" signature="setUp()[pri:0, instance:testcases.LoginPageTest@25d250c6]" name="setUp" is-config="true" duration-ms="4167" started-at="2021-02-15T03:58:31Z" finished-at="2021-02-15T03:58:36Z">
          <reporter-output>
          </reporter-output>
        </test-method> <!-- setUp -->
        <test-method status="PASS" signature="loginTest()[pri:0, instance:testcases.LoginPageTest@25d250c6]" name="loginTest" duration-ms="4613" started-at="2021-02-15T03:58:36Z" finished-at="2021-02-15T03:58:40Z">
          <reporter-output>
          </reporter-output>
        </test-method> <!-- loginTest -->
        <test-method status="PASS" signature="tearDown()[pri:0, instance:testcases.LoginPageTest@25d250c6]" name="tearDown" is-config="true" duration-ms="670" started-at="2021-02-15T03:58:40Z" finished-at="2021-02-15T03:58:41Z">
          <reporter-output>
          </reporter-output>
        </test-method> <!-- tearDown -->
        <test-method status="PASS" signature="setUp()[pri:0, instance:testcases.LoginPageTest@25d250c6]" name="setUp" is-config="true" duration-ms="3384" started-at="2021-02-15T03:58:41Z" finished-at="2021-02-15T03:58:44Z">
          <reporter-output>
          </reporter-output>
        </test-method> <!-- setUp -->
        <test-method status="PASS" signature="loginpageTitleTest()[pri:2, instance:testcases.LoginPageTest@25d250c6]" name="loginpageTitleTest" duration-ms="7510" started-at="2021-02-15T03:58:44Z" finished-at="2021-02-15T03:58:52Z">
          <reporter-output>
          </reporter-output>
        </test-method> <!-- loginpageTitleTest -->
        <test-method status="PASS" signature="tearDown()[pri:0, instance:testcases.LoginPageTest@25d250c6]" name="tearDown" is-config="true" duration-ms="681" started-at="2021-02-15T03:58:52Z" finished-at="2021-02-15T03:58:52Z">
          <reporter-output>
          </reporter-output>
        </test-method> <!-- tearDown -->
      </class> <!-- testcases.LoginPageTest -->
    </test> <!-- Default test -->
  </suite> <!-- Default suite -->
</testng-results>
